Lmod is automatically replacing "GNU/6.4.0-2.28" with "GCC/6.4.0-2.28".
Lmod is automatically replacing "GNU/6.4.0-2.28" with "GCC/6.4.0-2.28".
-------------------------------------------------------------------------------
The following dependent module(s) are not currently loaded: OpenBLAS/0.2.20 (required by: ScaLAPACK/2.0.2-OpenBLAS-0.2.20, Boost/1.67.0, Python/3.6.4, ScaLAPACK/2.0.2-OpenBLAS-0.2.20, Boost/1.67.0, Python/3.6.4)
-------------------------------------------------------------------------------
Started= 0 with 10000000 points
Joined = 0 Time(ms)= 3720.192279
N_total= 10000000 pi= 3.1407588 num_threads= 1 time_per_thread_avg(ms)= 3720.192279
Started= 0 with 5000000 points
Started= 1 with 5000000 points
Joined = 0 Time(ms)= 3706.725701
Joined = 1 Time(ms)= 3710.760957
N_total= 10000000 pi= 3.1418364 num_threads= 2 time_per_thread_avg(ms)= 3708.743329
Started= 0 with 2500000 points
Started= 1 with 2500000 points
Started= 2 with 2500000 points
Started= 3 with 2500000 points
Joined = 0 Time(ms)= 3687.037209
Joined = 1 Time(ms)= 3705.86089
Joined = 2 Time(ms)= 3712.450295
Joined = 3 Time(ms)= 3711.255755
N_total= 10000000 pi= 3.1416044 num_threads= 4 time_per_thread_avg(ms)= 3704.15103725
N_total= 10000000 pi= 3.1425164 num_threads= 8 time_per_thread_avg(ms)= 3686.40708725
N_total= 10000000 pi= 3.1424256 num_threads= 16 time_per_thread_avg(ms)= 3687.5468236875
N_total= 10000000 pi= 3.1424808 num_threads= 32 time_per_thread_avg(ms)= 3646.81044959375
N_total= 10000000 pi= 3.1422332 num_threads= 64 time_per_thread_avg(ms)= 3577.03871690625
N_total= 10000000 pi= 3.1410404 num_threads= 128 time_per_thread_avg(ms)= 3426.66070842969
N_total= 10000000 pi= 3.1411652 num_threads= 256 time_per_thread_avg(ms)= 2997.0153621875
N_total= 10000000 pi= 3.1416664 num_threads= 512 time_per_thread_avg(ms)= 1593.04758426562
N_total= 10000000 pi= 3.1414736 num_threads= 1024 time_per_thread_avg(ms)= 286.623139417968
N_total= 10000000 pi= 3.1418352 num_threads= 2048 time_per_thread_avg(ms)= 3.62456220898438
JobId=34533421 JobName=calc_pi
   UserId=fushstep(939227) GroupId=pa(2003) MCS_label=N/A
   Priority=63205 Nice=0 Account=galaxies QOS=normal
   JobState=RUNNING Reason=None Dependency=(null)
   Requeue=1 Restarts=0 BatchFlag=1 Reboot=0 ExitCode=0:0
   RunTime=00:00:51 TimeLimit=00:10:00 TimeMin=N/A
   SubmitTime=2021-10-01T16:13:36 EligibleTime=2021-10-01T16:13:36
   AccrueTime=2021-10-01T16:13:36
   StartTime=2021-10-01T16:13:39 EndTime=2021-10-01T16:23:39 Deadline=N/A
   SuspendTime=None SecsPreSuspend=0 LastSchedEval=2021-10-01T16:13:39
   Partition=galaxies AllocNode:Sid=dev-intel18:4520
   ReqNodeList=(null) ExcNodeList=(null)
   NodeList=css-039
   BatchHost=css-039
   NumNodes=1 NumCPUs=1 NumTasks=1 CPUs/Task=1 ReqB:S:C:T=0:0:*:*
   TRES=cpu=1,mem=8G,node=1,billing=1245
   Socks/Node=* NtasksPerN:B:S:C=0:0:*:* CoreSpec=*
   MinCPUsNode=1 MinMemoryCPU=8G MinTmpDiskNode=0
   Features=[intel14|intel16|intel18|amr|nvf] DelayBoot=00:00:00
   OverSubscribe=OK Contiguous=0 Licenses=(null) Network=(null)
   Command=/mnt/ufs18/home-085/fushstep/cmse822/CSE822_HW/homeworks/hw3/sbatch.sb
   WorkDir=/mnt/ufs18/home-085/fushstep/cmse822/CSE822_HW/homeworks/hw3
   Comment=stdout=/mnt/ufs18/home-085/fushstep/cmse822/CSE822_HW/homeworks/hw3/slurm-34533420.out 
   StdErr=/mnt/ufs18/home-085/fushstep/cmse822/CSE822_HW/homeworks/hw3/slurm-34533421.out
   StdIn=/dev/null
   StdOut=/mnt/ufs18/home-085/fushstep/cmse822/CSE822_HW/homeworks/hw3/slurm-34533421.out
   Power=
   NtasksPerTRES:0
SLURM Job ID: 34533421
WrkDir=/mnt/ufs18/home-085/fushstep/cmse822/CSE822_HW/homeworks/hw3
===================================================================================
          JobID |            34533421 |      34533421.batch |     34533421.extern |
        JobName |             calc_pi |               batch |              extern |
           User |            fushstep |                     |                     |
       NodeList |             css-039 |             css-039 |             css-039 |
         NNodes |                   1 |                   1 |                   1 |
         NTasks |                     |                   1 |                   1 |
          NCPUS |                   1 |                   1 |                   1 |
      AllocGRES |                     |                     |                     |
         ReqMem |                 8Gc |                 8Gc |                 8Gc |
      Timelimit |            00:10:00 |                     |                     |
        Elapsed |            00:00:51 |            00:00:51 |            00:00:51 |
       TotalCPU |            00:00:00 |            00:00:48 |            00:00:00 |
     AveCPULoad |                     |            0.941176 |                     |
         MaxRSS |                     |               2996K |                     |
      MaxVMSize |                     |             217604K |                     |
          Start | 2021-10-01T16:13:39 | 2021-10-01T16:13:39 | 2021-10-01T16:13:39 |
            End |             Unknown |             Unknown |             Unknown |
       ExitCode |                 0:0 |                 0:0 |                 0:0 |
          State |             RUNNING |             RUNNING |             RUNNING |
===================================================================================
